<?xml version="1.0" encoding="UTF-8"?>
<!-- Generated by org.testng.reporters.JUnitReportReporter -->
<testsuite hostname="sss-1YDWGY3" failures="0" tests="1" name="tests.LoginToApplication" time="50.328" errors="0" timestamp="2024-12-19T12:18:42 IST" skipped="0">
  <testcase classname="tests.LoginToApplication" name="login" time="50.328"/>
</testsuite> <!-- tests.LoginToApplication -->
