<?xml version="1.0" encoding="UTF-8"?>
<!-- Generated by org.testng.reporters.JUnitReportReporter -->
<testsuite hostname="sss-1YDWGY3" failures="0" tests="3" name="tests.RecruitmentAddSearchandDeleteVacancy" time="13.434" errors="0" timestamp="2024-12-27T04:59:35 CST" skipped="0">
  <testcase classname="tests.RecruitmentAddSearchandDeleteVacancy" name="addVacancyData" time="10.943"/>
  <testcase classname="tests.RecruitmentAddSearchandDeleteVacancy" name="deleteAddedVacancy" time="1.127"/>
  <testcase classname="tests.RecruitmentAddSearchandDeleteVacancy" name="searchVacancyData" time="1.364"/>
</testsuite> <!-- tests.RecruitmentAddSearchandDeleteVacancy -->
