<?xml version="1.0" encoding="UTF-8"?>
<!-- Generated by org.testng.reporters.JUnitReportReporter -->
<testsuite hostname="sss-1YDWGY3" failures="0" tests="3" name="tests.RecruitmentAddSearchandDeleteCandidate" time="18.631" errors="0" timestamp="2024-12-26T11:03:37 CST" skipped="0">
  <testcase classname="tests.RecruitmentAddSearchandDeleteCandidate" name="searchCadidateData" time="5.382"/>
  <testcase classname="tests.RecruitmentAddSearchandDeleteCandidate" name="deleteAddedCandidate" time="1.527"/>
  <testcase classname="tests.RecruitmentAddSearchandDeleteCandidate" name="addCadidateData" time="11.722"/>
</testsuite> <!-- tests.RecruitmentAddSearchandDeleteCandidate -->
