<?xml version="1.0" encoding="UTF-8"?>
<!-- Generated by org.testng.reporters.JUnitReportReporter -->
<testsuite hostname="sss-1YDWGY3" failures="0" tests="1" name="tests.LoginErrorValidation" time="27.448" errors="0" timestamp="2024-12-12T19:08:36 IST" skipped="0">
  <testcase classname="tests.LoginErrorValidation" name="errorMsgCheck" time="27.448"/>
</testsuite> <!-- tests.LoginErrorValidation -->
