<?xml version="1.0" encoding="UTF-8"?>
<!-- Generated by org.testng.reporters.JUnitReportReporter -->
<testsuite hostname="sss-1YDWGY3" failures="0" tests="1" name="cucumber.TestNgtestRunner" time="46.256" errors="0" timestamp="2024-12-26T11:20:20 CST" skipped="0">
  <testcase classname="cucumber.TestNgtestRunner" name="runScenario" time="46.256"/>
</testsuite> <!-- cucumber.TestNgtestRunner -->
